\BOOKMARK [1][-]{section.1}{\376\377\000I\000n\000t\000r\000o\000d\000u\000c\000t\000i\000o\000n}{}% 1
\BOOKMARK [1][-]{section.2}{\376\377\000R\000e\000p\000r\000o\000d\000u\000c\000i\000n\000g\000\040\000t\000h\000e\000\040\000P\000u\000b\000l\000i\000s\000h\000e\000d\000\040\000R\000e\000s\000u\000l\000t\000s}{}% 2
\BOOKMARK [1][-]{section.3}{\376\377\000P\000r\000o\000b\000l\000e\000m\000\040\0001\000:\000\040\000T\000h\000e\000\040\000C\000a\000r\000r\000y\000o\000v\000e\000r\000\040\000P\000o\000w\000e\000r\000\040\000D\000r\000o\000p\000\040\000I\000s\000\040\000a\000n\000\040\000A\000r\000t\000i\000f\000a\000c\000t}{}% 3
\BOOKMARK [2][-]{subsection.3.1}{\376\377\000H\000o\000w\000\040\000t\000h\000e\000\040\000S\000i\000m\000u\000l\000a\000t\000i\000o\000n\000\040\000G\000e\000n\000e\000r\000a\000t\000e\000s\000\040\000D\000a\000t\000a}{section.3}% 4
\BOOKMARK [2][-]{subsection.3.2}{\376\377\000W\000h\000a\000t\000\040\000H\000a\000p\000p\000e\000n\000s\000\040\000D\000u\000r\000i\000n\000g\000\040\000O\000f\000f\000-\000D\000r\000u\000g\000\040\000P\000e\000r\000i\000o\000d\000s}{section.3}% 5
\BOOKMARK [2][-]{subsection.3.3}{\376\377\000W\000h\000y\000\040\000T\000h\000i\000s\000\040\000D\000e\000s\000t\000r\000o\000y\000s\000\040\000P\000o\000w\000e\000r}{section.3}% 6
\BOOKMARK [2][-]{subsection.3.4}{\376\377\000T\000h\000e\000\040\000H\000a\000l\000l\000m\000a\000r\000k\000\040\000o\000f\000\040\000a\000n\000\040\000A\000r\000t\000i\000f\000a\000c\000t}{section.3}% 7
\BOOKMARK [2][-]{subsection.3.5}{\376\377\000T\000h\000e\000\040\000F\000i\000x\000:\000\040\000P\000h\000a\000r\000m\000a\000c\000o\000k\000i\000n\000e\000t\000i\000c\000a\000l\000l\000y\000\040\000C\000o\000n\000s\000i\000s\000t\000e\000n\000t\000\040\000C\000o\000r\000r\000e\000l\000a\000t\000i\000o\000n\000\040\000D\000e\000c\000a\000y}{section.3}% 8
\BOOKMARK [1][-]{section.4}{\376\377\000P\000r\000o\000b\000l\000e\000m\000\040\0002\000:\000\040\000I\000n\000v\000a\000l\000i\000d\000\040\000C\000o\000v\000a\000r\000i\000a\000n\000c\000e\000\040\000M\000a\000t\000r\000i\000c\000e\000s}{}% 9
\BOOKMARK [2][-]{subsection.4.1}{\376\377\000W\000h\000a\000t\000\040\000I\000s\000\040\000P\000o\000s\000i\000t\000i\000v\000e\000\040\000D\000e\000f\000i\000n\000i\000t\000e\000n\000e\000s\000s\000?}{section.4}% 10
\BOOKMARK [2][-]{subsection.4.2}{\376\377\000H\000o\000w\000\040\000O\000f\000t\000e\000n\000\040\000D\000o\000e\000s\000\040\000T\000h\000i\000s\000\040\000O\000c\000c\000u\000r\000?}{section.4}% 11
\BOOKMARK [2][-]{subsection.4.3}{\376\377\000V\000i\000s\000u\000a\000l\000i\000z\000i\000n\000g\000\040\000t\000h\000e\000\040\000P\000r\000o\000b\000l\000e\000m}{section.4}% 12
\BOOKMARK [2][-]{subsection.4.4}{\376\377\000T\000h\000e\000\040\000F\000i\000x\000:\000\040\000A\000R\000\050\0001\000\051\000\040\000A\000u\000t\000o\000c\000o\000r\000r\000e\000l\000a\000t\000i\000o\000n\000\040\000a\000n\000d\000\040\000C\000o\000n\000s\000t\000r\000a\000i\000n\000e\000d\000\040\000P\000a\000r\000a\000m\000e\000t\000e\000r\000s}{section.4}% 13
\BOOKMARK [1][-]{section.5}{\376\377\000V\000a\000l\000i\000d\000a\000t\000e\000d\000\040\000R\000e\000s\000u\000l\000t\000s}{}% 14
\BOOKMARK [2][-]{subsection.5.1}{\376\377\000P\000a\000r\000a\000m\000e\000t\000e\000r\000\040\000C\000o\000n\000f\000i\000g\000u\000r\000a\000t\000i\000o\000n}{section.5}% 15
\BOOKMARK [2][-]{subsection.5.2}{\376\377\000T\000y\000p\000e\000\040\000I\000\040\000E\000r\000r\000o\000r\000\040\000C\000o\000n\000t\000r\000o\000l}{section.5}% 16
\BOOKMARK [2][-]{subsection.5.3}{\376\377\000P\000o\000w\000e\000r\000\040\000a\000n\000d\000\040\000C\000a\000r\000r\000y\000o\000v\000e\000r\000\040\000S\000e\000n\000s\000i\000t\000i\000v\000i\000t\000y}{section.5}% 17
\BOOKMARK [2][-]{subsection.5.4}{\376\377\000R\000e\000v\000i\000s\000e\000d\000\040\000F\000i\000g\000u\000r\000e\000\040\0004}{section.5}% 18
\BOOKMARK [1][-]{section.6}{\376\377\000C\000o\000n\000c\000l\000u\000s\000i\000o\000n\000s}{}% 19
\BOOKMARK [1][-]{appendix.A}{\376\377\000T\000e\000c\000h\000n\000i\000c\000a\000l\000\040\000D\000e\000t\000a\000i\000l\000s\000\040\000o\000f\000\040\000C\000o\000d\000e\000\040\000C\000h\000a\000n\000g\000e\000s}{}% 20
\BOOKMARK [2][-]{subsection.A.1}{\376\377\000C\000h\000a\000n\000g\000e\000s\000\040\000t\000o\000\040\000t\000h\000e\000\040\000D\000a\000t\000a\000-\000G\000e\000n\000e\000r\000a\000t\000i\000n\000g\000\040\000P\000r\000o\000c\000e\000s\000s}{appendix.A}% 21
\BOOKMARK [2][-]{subsection.A.2}{\376\377\000C\000h\000a\000n\000g\000e\000s\000\040\000t\000o\000\040\000t\000h\000e\000\040\000A\000n\000a\000l\000y\000s\000i\000s\000\040\000M\000o\000d\000e\000l}{appendix.A}% 22
\BOOKMARK [2][-]{subsection.A.3}{\376\377\000R\000a\000n\000k\000\040\000D\000e\000f\000i\000c\000i\000e\000n\000c\000y\000\040\000H\000a\000n\000d\000l\000i\000n\000g}{appendix.A}% 23
\BOOKMARK [2][-]{subsection.A.4}{\376\377\000P\000e\000r\000f\000o\000r\000m\000a\000n\000c\000e\000\040\000O\000p\000t\000i\000m\000i\000z\000a\000t\000i\000o\000n\000s}{appendix.A}% 24
\BOOKMARK [2][-]{subsection.A.5}{\376\377\000M\000a\000x\000i\000m\000u\000m\000\040\000F\000e\000a\000s\000i\000b\000l\000e\000\040\000c\000b\000m\000\040\000b\000y\000\040\000D\000e\000s\000i\000g\000n}{appendix.A}% 25
\BOOKMARK [2][-]{subsection.A.6}{\376\377\000P\000o\000s\000t\000-\000P\000u\000b\000l\000i\000c\000a\000t\000i\000o\000n\000\040\000C\000o\000d\000e\000\040\000H\000i\000s\000t\000o\000r\000y}{appendix.A}% 26
\BOOKMARK [3][-]{subsubsection.A.6.1}{\376\377\000C\000o\000m\000m\000i\000t\000\040\0004\0002\000a\000c\0000\0003\0000\000:\000\040\000I\000n\000i\000t\000i\000a\000l\000\040\000\050\000P\000u\000b\000l\000i\000c\000a\000t\000i\000o\000n\000\040\000C\000o\000d\000e\000\051}{subsection.A.6}% 27
\BOOKMARK [3][-]{subsubsection.A.6.2}{\376\377\000C\000o\000m\000m\000i\000t\000\040\0008\0006\0000\0009\000f\0001\0002\000:\000\040\000R\000o\000n\000\040\000T\000h\000o\000m\000a\000s\000\040\000E\000d\000i\000t\000s}{subsection.A.6}% 28
\BOOKMARK [3][-]{subsubsection.A.6.3}{\376\377\000C\000o\000m\000m\000i\000t\000\040\000f\0006\000e\000e\0008\0006\000d\000:\000\040\000A\000u\000t\000o\000c\000o\000r\000r\000e\000l\000a\000t\000i\000o\000n\000\040\000T\000y\000p\000o\000\040\000F\000i\000x}{subsection.A.6}% 29
\BOOKMARK [3][-]{subsubsection.A.6.4}{\376\377\000C\000o\000m\000m\000i\000t\000\040\000f\0007\0000\000f\0008\0006\000d\000:\000\040\000C\000a\000r\000r\000y\000o\000v\000e\000r\000\040\000T\000e\000r\000m\000\040\000A\000d\000d\000e\000d}{subsection.A.6}% 30
\BOOKMARK [3][-]{subsubsection.A.6.5}{\376\377\000C\000o\000m\000m\000i\000t\000\040\0003\0002\0005\0003\0001\0004\000f\000:\000\040\000M\000o\000d\000i\000f\000i\000e\000d\000\040\000D\000b\000\040\000t\000o\000\040\000I\000n\000c\000l\000u\000d\000e\000\040\000C\000a\000r\000r\000y\000o\000v\000e\000r\000\040\000\050\000B\000r\000o\000k\000e\000n\000\051}{subsection.A.6}% 31
\BOOKMARK [3][-]{subsubsection.A.6.6}{\376\377\000H\000E\000A\000D\000\040\000\050\000P\000r\000e\000-\000R\000e\000v\000i\000s\000i\000o\000n\000\051}{subsection.A.6}% 32
\BOOKMARK [3][-]{subsubsection.A.6.7}{\376\377\000S\000u\000m\000m\000a\000r\000y\000\040\000o\000f\000\040\000C\000o\000d\000e\000\040\000D\000i\000v\000e\000r\000g\000e\000n\000c\000e}{subsection.A.6}% 33
